----------Profiling output file-----------------------
2016/12/06 13:57:18  pid=1667
/home/ysato/pin-2.14-71313-gcc.4.4.7-linux/intel64/bin/pinbin -p32 /home/ysato/pin-2.14-71313-gcc.4.4.7-linux/ia32/bin/pinbin -waiting_process 1667 -waiting_injector 1672 -sigchld_handler 1 -t /home/ysato/ExanaPkgGitHub//pintool/Exana.so -mempat 1 -- ./SampleMain 
inFileName ./SampleMain
symbolic link to /home/ysato/ExanaPkgGitHub/Sample.Exana/LoopAndCall/SampleMain
------------------------------------------------------
Profiling Mode:  LCCT
CntMode:  instCnt
MemPat on (Binary):
[ThreadStart] tid=0
whenMainStart @ 4006ca  threadid=0
profileOn @ 4006ca 917f5eb8d6674
profileOff @ 400716  target=7f4d0d662d1d, __libc_start_main
[ThreadFini] 0 code=0:  current numThread=0
Fini start 
Final Output: pid=1667 tid=1667
outFileOfProfName=1206.1667/exana.out

Total inst        6.60e+07
Total time            2.32 [s]
Analysis speed  28.51 [MIPS]

Memory footprint:
VmPeak:	  400196 kB
VmHWM:	   28968 kB
VmRSS:	   28820 kB

 TotalDyInst               66028726


Static behavior
  StaticRtnCntInImage            3467
  StaticLoop                        9
  StaticIrrLoop                     0
Dynamic behavior in the profiled region
   totalDyRtnNode                   7
   totalDyLoopNode                  6
   totalDyIrrLoopNode               0
   totalDyDepEdge                   0
   IndirectJumpCnt                  0
   LoopsByIndirectJump              0
   totalDyLongjmpCnt                0
   totalDyRecursion                 0

Time Mesurement
   profiling time 2.3 [s]
Total cycle                     6234767605 [cycle]
   Appli        52.23 [%]       3256494665 [cycle]
   StaticAna     1.10 [%]          68699456 [cycle]
   DynamicAna   46.67 [%]        2909573484 [cycle]

     Trace Inj [static] 92.77 [%] 63731960 [cycle]
     whenHeadMarker  2.46 [%] 71620984 [cycle]
     whenBbl         6.36 [%] 184934048 [cycle]
     whenMemOper   91.15 [%] 2652015180 [cycle]
Binary output start  /home/ysato/ExanaPkgGitHub/Sample.Exana/LoopAndCall/1206.1667/lcct.dat
generating binary output
OK: generated
Fini OK

threadid=0  ----------------------------
 + main (@0x0)  66028726 9  100.00 % (0.00 %)   iBF=15.78 (None) #appear: 1  mem R=114059133 (16)  W=20035928 (20)
 . + puts@plt (@0x4003b8)  2846 2846  0.00 % (0.00 %)   iBF=None #appear: 2  mem R=5360 (5360)  W=2867 (2867)
 . + func1 (@0x400545)  50017369 17  75.75 % (0.00 %)   iBF=14.86 (None) #appear: 1  mem R=88033753 (24)  W=16017041 (44)
 . . + puts@plt (@0x4003b8)  891 891  0.00 % (0.00 %)   iBF=None #appear: 2  mem R=1158 (1158)  W=658 (658)
 . . + initA (@0x4004c4)  18008459 9  27.27 % (0.00 %)   iBF=11.01 (None) #appear: 1  mem R=36016567 (16)  W=8008339 (20)
 . . . + puts@plt (@0x4003b8)  448 448  0.00 % (0.00 %)   iBF=None #appear: 1  mem R=547 (547)  W=319 (319)
 . . . + 3  (@0x40053a)  18008002 6002  27.27 % (0.01 %)   iBF=11.01 4000000/44024004 (None)  Avg. itr cnt:  500.50  max/min: 1001/1001  #appear: 2  mem R=36016004 (12004)  W=8008000 (8000)
 . . . . + 2  (@0x40052d)  18002000 18002000  27.26 % (27.26 %)   iBF=11.00 4000000/44004000 (11.00)  Avg. itr cnt:  1000.00  max/min: 1001/1001  #appear: 1001  mem R=36004000 (36004000)  W=8000000 (8000000)
 . . + 5  (@0x400610)  32008002 6002  48.48 % (0.01 %)   iBF=20.01 3000000/60024004 (None)  Avg. itr cnt:  500.50  max/min: 1001/1001  #appear: 2  mem R=52016004 (12004)  W=8008000 (8000)
 . . . + 4  (@0x4005ff)  32002000 32002000  48.47 % (48.47 %)   iBF=20.00 3000000/60004000 (20.00)  Avg. itr cnt:  1000.00  max/min: 1001/1001  #appear: 1001  mem R=52004000 (52004000)  W=8000000 (8000000)
 . + 7  (@0x400707)  16008502 3002  24.24 % (0.00 %)   iBF=20.02 1500000/30036004 (None)  Avg. itr cnt:  250.50  max/min: 501/501  #appear: 2  mem R=26020004 (6004)  W=4016000 (6000)
 . . + func2 (@0x400629)  16005500 4500  24.24 % (0.01 %)   iBF=20.02 (None) #appear: 500  mem R=26014000 (12000)  W=4010000 (10000)
 . . . + 6  (@0x4006b5)  16001000 16001000  24.23 % (24.23 %)   iBF=20.00 1500000/30002000 (20.00)  Avg. itr cnt:  999.00  max/min: 1001/1001  #appear: 501  mem R=26002000 (26002000)  W=4000000 (4000000)

