Image /home/ysato/ExanaPkgGitHub/Sample.Exana/LoopAndCall/SampleMain  0x7f4d0db98000
totalRtnCntInExeImage=14
rtnID=0 400390 4003a8 _init
rtnID=1 4003a8 4003d8 .plt
rtnID=2 4003e0 40040c _start
rtnID=3 40040c 400430 call_gmon_start
rtnID=4 400430 4004a0 __do_global_dtors_aux
rtnID=5 4004a0 4004c4 frame_dummy
rtnID=6 4004c4 400545 initA
rtnID=7 400545 400629 func1
rtnID=8 400629 4006ca func2
rtnID=9 4006ca 400717 main
rtnID=10 400720 400722 __libc_csu_fini
rtnID=11 400730 4007b9 __libc_csu_init
rtnID=12 4007c0 4007f8 __do_global_ctors_aux
rtnID=13 4007f8 400806 _fini
printPltInfo :  totalNum=3
  4003a8 puts@plt-0x10
  4003b8 puts@plt
  4003c8 __libc_start_main@plt
